<?xml version="1.0" encoding="UTF-8"?>
<!-- Generated by org.testng.reporters.JUnitXMLReporter -->
<testsuite ignored="0" hostname="Adarshs-MacBook-Pro.local" failures="1" tests="1" name="Surefire test" time="44.494" errors="0" timestamp="2026-04-20T22:03:24 IST">
  <testcase classname="io.cucumber.testng.AbstractTestNGCucumberTests" name="runScenario" time="44.291">
    <failure type="com.microsoft.playwright.impl.TargetClosedError" message="Error {
  message=&amp;apos;Target page, context or browser has been closed
  name=&amp;apos;TargetClosedError
  stack=&amp;apos;TargetClosedError:Target page, context or browser has been closed
Error
    at captureRawStack (/private/var/folders/ys/g6nbn1894354jyyrj64fwty80000gp/T/playwright-java-13429531906463883265/package/lib/utils/stackTrace.js:49:17)
    at LongStandingScope._race (/private/var/folders/ys/g6nbn1894354jyyrj64fwty80000gp/T/playwright-java-13429531906463883265/package/lib/utils/manualPromise.js:91:52)
    at LongStandingScope.race (/private/var/folders/ys/g6nbn1894354jyyrj64fwty80000gp/T/playwright-java-13429531906463883265/package/lib/utils/manualPromise.js:84:17)
    at FrameDispatcher._handleCommand (/private/var/folders/ys/g6nbn1894354jyyrj64fwty80000gp/T/playwright-java-13429531906463883265/package/lib/server/dispatchers/dispatcher.js:96:36)
    at DispatcherConnection.dispatch (/private/var/folders/ys/g6nbn1894354jyyrj64fwty80000gp/T/playwright-java-13429531906463883265/package/lib/server/dispatchers/dispatcher.js:361:39)
}
Call log:
- waiting for getByText(&amp;quot;Team View&amp;quot;).first() to be visible
">
      <![CDATA[com.microsoft.playwright.impl.TargetClosedError: Error {
  message='Target page, context or browser has been closed
  name='TargetClosedError
  stack='TargetClosedError:Target page, context or browser has been closed
Error
    at captureRawStack (/private/var/folders/ys/g6nbn1894354jyyrj64fwty80000gp/T/playwright-java-13429531906463883265/package/lib/utils/stackTrace.js:49:17)
    at LongStandingScope._race (/private/var/folders/ys/g6nbn1894354jyyrj64fwty80000gp/T/playwright-java-13429531906463883265/package/lib/utils/manualPromise.js:91:52)
    at LongStandingScope.race (/private/var/folders/ys/g6nbn1894354jyyrj64fwty80000gp/T/playwright-java-13429531906463883265/package/lib/utils/manualPromise.js:84:17)
    at FrameDispatcher._handleCommand (/private/var/folders/ys/g6nbn1894354jyyrj64fwty80000gp/T/playwright-java-13429531906463883265/package/lib/server/dispatchers/dispatcher.js:96:36)
    at DispatcherConnection.dispatch (/private/var/folders/ys/g6nbn1894354jyyrj64fwty80000gp/T/playwright-java-13429531906463883265/package/lib/server/dispatchers/dispatcher.js:361:39)
}
Call log:
- waiting for getByText("Team View").first() to be visible

at com.microsoft.playwright.impl.WaitableResult.get(WaitableResult.java:54)
at com.microsoft.playwright.impl.ChannelOwner.runUntil(ChannelOwner.java:120)
at com.microsoft.playwright.impl.Connection.sendMessage(Connection.java:130)
at com.microsoft.playwright.impl.ChannelOwner.sendMessage(ChannelOwner.java:106)
at com.microsoft.playwright.impl.FrameImpl.waitForSelectorImpl(FrameImpl.java:1060)
at com.microsoft.playwright.impl.LocatorImpl.lambda$waitForImpl$7(LocatorImpl.java:619)
at com.microsoft.playwright.impl.LoggingSupport.withLogging(LoggingSupport.java:47)
at com.microsoft.playwright.impl.ChannelOwner.withLogging(ChannelOwner.java:89)
at com.microsoft.playwright.impl.LocatorImpl.waitForImpl(LocatorImpl.java:619)
at com.microsoft.playwright.impl.LocatorImpl.waitFor(LocatorImpl.java:615)
at ui.pages.jarvis.AllocationDashboardPage.switchToTeamView(AllocationDashboardPage.java:115)
at ui.stepDefinitions.jarvis.AllocationDashboardSteps.switchToTeamView(AllocationDashboardSteps.java:21)
at ✽.User switches to Team View in the Allocation Dashboard(file:///Users/adarshgani/Documents/GitHub/branachAutomate/features/ubl.feature:81)
Caused by: com.microsoft.playwright.impl.TargetClosedError: Error {
  message='Target page, context or browser has been closed
  name='TargetClosedError
  stack='TargetClosedError:Target page, context or browser has been closed
Error
    at captureRawStack (/private/var/folders/ys/g6nbn1894354jyyrj64fwty80000gp/T/playwright-java-13429531906463883265/package/lib/utils/stackTrace.js:49:17)
    at LongStandingScope._race (/private/var/folders/ys/g6nbn1894354jyyrj64fwty80000gp/T/playwright-java-13429531906463883265/package/lib/utils/manualPromise.js:91:52)
    at LongStandingScope.race (/private/var/folders/ys/g6nbn1894354jyyrj64fwty80000gp/T/playwright-java-13429531906463883265/package/lib/utils/manualPromise.js:84:17)
    at FrameDispatcher._handleCommand (/private/var/folders/ys/g6nbn1894354jyyrj64fwty80000gp/T/playwright-java-13429531906463883265/package/lib/server/dispatchers/dispatcher.js:96:36)
    at DispatcherConnection.dispatch (/private/var/folders/ys/g6nbn1894354jyyrj64fwty80000gp/T/playwright-java-13429531906463883265/package/lib/server/dispatchers/dispatcher.js:361:39)
}
Call log:
- waiting for getByText("Team View").first() to be visible

at com.microsoft.playwright.impl.Connection.dispatch(Connection.java:256)
at com.microsoft.playwright.impl.Connection.processOneMessage(Connection.java:211)
at com.microsoft.playwright.impl.ChannelOwner.runUntil(ChannelOwner.java:118)
at com.microsoft.playwright.impl.Connection.sendMessage(Connection.java:130)
at com.microsoft.playwright.impl.ChannelOwner.sendMessage(ChannelOwner.java:106)
at com.microsoft.playwright.impl.FrameImpl.waitForSelectorImpl(FrameImpl.java:1060)
at com.microsoft.playwright.impl.LocatorImpl.lambda$waitForImpl$7(LocatorImpl.java:619)
at com.microsoft.playwright.impl.LoggingSupport.withLogging(LoggingSupport.java:47)
at com.microsoft.playwright.impl.ChannelOwner.withLogging(ChannelOwner.java:89)
at com.microsoft.playwright.impl.LocatorImpl.waitForImpl(LocatorImpl.java:619)
at com.microsoft.playwright.impl.LocatorImpl.waitFor(LocatorImpl.java:615)
at ui.pages.jarvis.AllocationDashboardPage.switchToTeamView(AllocationDashboardPage.java:115)
at ui.stepDefinitions.jarvis.AllocationDashboardSteps.switchToTeamView(AllocationDashboardSteps.java:21)
at io.cucumber.java.Invoker.doInvoke(Invoker.java:66)
at io.cucumber.java.Invoker.invoke(Invoker.java:24)
at io.cucumber.java.AbstractGlueDefinition.invokeMethod(AbstractGlueDefinition.java:47)
at io.cucumber.java.JavaStepDefinition.execute(JavaStepDefinition.java:29)
at io.cucumber.core.runner.CoreStepDefinition.execute(CoreStepDefinition.java:66)
at io.cucumber.core.runner.PickleStepDefinitionMatch.runStep(PickleStepDefinitionMatch.java:63)
at io.cucumber.core.runner.ExecutionMode$1.execute(ExecutionMode.java:10)
at io.cucumber.core.runner.TestStep.executeStep(TestStep.java:84)
at io.cucumber.core.runner.TestStep.run(TestStep.java:56)
at io.cucumber.core.runner.PickleStepTestStep.run(PickleStepTestStep.java:51)
at io.cucumber.core.runner.TestCase.run(TestCase.java:84)
at io.cucumber.core.runner.Runner.runPickle(Runner.java:75)
at io.cucumber.testng.TestNGCucumberRunner.lambda$runScenario$1(TestNGCucumberRunner.java:132)
at io.cucumber.core.runtime.CucumberExecutionContext.lambda$runTestCase$5(CucumberExecutionContext.java:137)
at io.cucumber.core.runtime.RethrowingThrowableCollector.executeAndThrow(RethrowingThrowableCollector.java:23)
at io.cucumber.core.runtime.CucumberExecutionContext.runTestCase(CucumberExecutionContext.java:137)
at io.cucumber.testng.TestNGCucumberRunner.runScenario(TestNGCucumberRunner.java:129)
at io.cucumber.testng.AbstractTestNGCucumberTests.runScenario(AbstractTestNGCucumberTests.java:35)
at java.base/java.util.ArrayList.forEach(ArrayList.java:1596)
... Removed 32 stack frames]]>
    </failure>
  </testcase> <!-- runScenario -->
</testsuite> <!-- Surefire test -->
