-------------------------------------------------------------------------------
Test set: testRunner.UblRunnerTest
-------------------------------------------------------------------------------
Tests run: 1, Failures: 1, Errors: 0, Skipped: 0, Time elapsed: 100.1 s <<< FAILURE! -- in testRunner.UblRunnerTest
testRunner.UblRunnerTest.runScenario["Complete DSA Portal to Jarvis Portal Handoff using Context Bridge", "Unsecured Business Loan End-to-End Workflow"](1) -- Time elapsed: 94.76 s <<< FAILURE!
com.microsoft.playwright.TimeoutError: 
Error {
  message='Timeout 30000ms exceeded.
  name='TimeoutError
  stack='TimeoutError: Timeout 30000ms exceeded.
    at ProgressController.run (/private/var/folders/ys/g6nbn1894354jyyrj64fwty80000gp/T/playwright-java-18268008623382128165/package/lib/server/progress.js:78:26)
    at Frame.waitForSelector (/private/var/folders/ys/g6nbn1894354jyyrj64fwty80000gp/T/playwright-java-18268008623382128165/package/lib/server/frames.js:624:23)
    at FrameDispatcher.waitForSelector (/private/var/folders/ys/g6nbn1894354jyyrj64fwty80000gp/T/playwright-java-18268008623382128165/package/lib/server/dispatchers/frameDispatcher.js:105:103)
    at FrameDispatcher._handleCommand (/private/var/folders/ys/g6nbn1894354jyyrj64fwty80000gp/T/playwright-java-18268008623382128165/package/lib/server/dispatchers/dispatcher.js:94:40)
    at DispatcherConnection.dispatch (/private/var/folders/ys/g6nbn1894354jyyrj64fwty80000gp/T/playwright-java-18268008623382128165/package/lib/server/dispatchers/dispatcher.js:361:39)
}
Call log:
- waiting for locator("li.el-select-dropdown__item:visible").filter(new Locator.FilterOptions().setHasText("Move to Credit Approval")).first() to be visible

	at com.microsoft.playwright.impl.WaitableResult.get(WaitableResult.java:52)
	at com.microsoft.playwright.impl.ChannelOwner.runUntil(ChannelOwner.java:120)
	at com.microsoft.playwright.impl.Connection.sendMessage(Connection.java:130)
	at com.microsoft.playwright.impl.ChannelOwner.sendMessage(ChannelOwner.java:106)
	at com.microsoft.playwright.impl.FrameImpl.waitForSelectorImpl(FrameImpl.java:1060)
	at com.microsoft.playwright.impl.LocatorImpl.lambda$waitForImpl$7(LocatorImpl.java:619)
	at com.microsoft.playwright.impl.LoggingSupport.withLogging(LoggingSupport.java:47)
	at com.microsoft.playwright.impl.ChannelOwner.withLogging(ChannelOwner.java:89)
	at com.microsoft.playwright.impl.LocatorImpl.waitForImpl(LocatorImpl.java:619)
	at com.microsoft.playwright.impl.LocatorImpl.waitFor(LocatorImpl.java:615)
	at ui.pages.jarvis.AppFormPage.ApplicationPage.selectActionWithAssignment(ApplicationPage.java:83)
	at ui.stepDefinitions.jarvis.AppFormActionsSteps.moveApplicationWithAssignment(AppFormActionsSteps.java:22)
	at ✽.User moves application to "Move to Credit Approval" assigned to level "L5" and user "tenjin.user@creditsaison-in.com"(file:///Users/adarshgani/Documents/GitHub/branachAutomate/features/ubl.feature:107)
Caused by: com.microsoft.playwright.TimeoutError: Error {
  message='Timeout 30000ms exceeded.
  name='TimeoutError
  stack='TimeoutError: Timeout 30000ms exceeded.
    at ProgressController.run (/private/var/folders/ys/g6nbn1894354jyyrj64fwty80000gp/T/playwright-java-18268008623382128165/package/lib/server/progress.js:78:26)
    at Frame.waitForSelector (/private/var/folders/ys/g6nbn1894354jyyrj64fwty80000gp/T/playwright-java-18268008623382128165/package/lib/server/frames.js:624:23)
    at FrameDispatcher.waitForSelector (/private/var/folders/ys/g6nbn1894354jyyrj64fwty80000gp/T/playwright-java-18268008623382128165/package/lib/server/dispatchers/frameDispatcher.js:105:103)
    at FrameDispatcher._handleCommand (/private/var/folders/ys/g6nbn1894354jyyrj64fwty80000gp/T/playwright-java-18268008623382128165/package/lib/server/dispatchers/dispatcher.js:94:40)
    at DispatcherConnection.dispatch (/private/var/folders/ys/g6nbn1894354jyyrj64fwty80000gp/T/playwright-java-18268008623382128165/package/lib/server/dispatchers/dispatcher.js:361:39)
}
Call log:
- waiting for locator("li.el-select-dropdown__item:visible").filter(new Locator.FilterOptions().setHasText("Move to Credit Approval")).first() to be visible

	at com.microsoft.playwright.impl.Connection.dispatch(Connection.java:254)
	at com.microsoft.playwright.impl.Connection.processOneMessage(Connection.java:211)
	at com.microsoft.playwright.impl.ChannelOwner.runUntil(ChannelOwner.java:118)
	at com.microsoft.playwright.impl.Connection.sendMessage(Connection.java:130)
	at com.microsoft.playwright.impl.ChannelOwner.sendMessage(ChannelOwner.java:106)
	at com.microsoft.playwright.impl.FrameImpl.waitForSelectorImpl(FrameImpl.java:1060)
	at com.microsoft.playwright.impl.LocatorImpl.lambda$waitForImpl$7(LocatorImpl.java:619)
	at com.microsoft.playwright.impl.LoggingSupport.withLogging(LoggingSupport.java:47)
	at com.microsoft.playwright.impl.ChannelOwner.withLogging(ChannelOwner.java:89)
	at com.microsoft.playwright.impl.LocatorImpl.waitForImpl(LocatorImpl.java:619)
	at com.microsoft.playwright.impl.LocatorImpl.waitFor(LocatorImpl.java:615)
	at ui.pages.jarvis.AppFormPage.ApplicationPage.selectActionWithAssignment(ApplicationPage.java:83)
	at ui.stepDefinitions.jarvis.AppFormActionsSteps.moveApplicationWithAssignment(AppFormActionsSteps.java:22)
	at java.base/jdk.internal.reflect.DirectMethodHandleAccessor.invoke(DirectMethodHandleAccessor.java:103)
	at java.base/java.lang.reflect.Method.invoke(Method.java:580)
	at io.cucumber.java.Invoker.doInvoke(Invoker.java:66)
	at io.cucumber.java.Invoker.invoke(Invoker.java:24)
	at io.cucumber.java.AbstractGlueDefinition.invokeMethod(AbstractGlueDefinition.java:47)
	at io.cucumber.java.JavaStepDefinition.execute(JavaStepDefinition.java:29)
	at io.cucumber.core.runner.CoreStepDefinition.execute(CoreStepDefinition.java:66)
	at io.cucumber.core.runner.PickleStepDefinitionMatch.runStep(PickleStepDefinitionMatch.java:63)
	at io.cucumber.core.runner.ExecutionMode$1.execute(ExecutionMode.java:10)
	at io.cucumber.core.runner.TestStep.executeStep(TestStep.java:84)
	at io.cucumber.core.runner.TestStep.run(TestStep.java:56)
	at io.cucumber.core.runner.PickleStepTestStep.run(PickleStepTestStep.java:51)
	at io.cucumber.core.runner.TestCase.run(TestCase.java:84)
	at io.cucumber.core.runner.Runner.runPickle(Runner.java:75)
	at io.cucumber.testng.TestNGCucumberRunner.lambda$runScenario$1(TestNGCucumberRunner.java:132)
	at io.cucumber.core.runtime.CucumberExecutionContext.lambda$runTestCase$5(CucumberExecutionContext.java:137)
	at io.cucumber.core.runtime.RethrowingThrowableCollector.executeAndThrow(RethrowingThrowableCollector.java:23)
	at io.cucumber.core.runtime.CucumberExecutionContext.runTestCase(CucumberExecutionContext.java:137)
	at io.cucumber.testng.TestNGCucumberRunner.runScenario(TestNGCucumberRunner.java:129)
	at io.cucumber.testng.AbstractTestNGCucumberTests.runScenario(AbstractTestNGCucumberTests.java:35)
	at java.base/jdk.internal.reflect.DirectMethodHandleAccessor.invoke(DirectMethodHandleAccessor.java:103)
	at java.base/java.lang.reflect.Method.invoke(Method.java:580)
	at org.testng.internal.invokers.MethodInvocationHelper.invokeMethod(MethodInvocationHelper.java:135)
	at org.testng.internal.invokers.TestInvoker.invokeMethod(TestInvoker.java:673)
	at org.testng.internal.invokers.TestInvoker.invokeTestMethod(TestInvoker.java:220)
	at org.testng.internal.invokers.MethodRunner.runInSequence(MethodRunner.java:50)
	at org.testng.internal.invokers.TestInvoker$MethodInvocationAgent.invoke(TestInvoker.java:945)
	at org.testng.internal.invokers.TestInvoker.invokeTestMethods(TestInvoker.java:193)
	at org.testng.internal.invokers.TestMethodWorker.invokeTestMethods(TestMethodWorker.java:146)
	at org.testng.internal.invokers.TestMethodWorker.run(TestMethodWorker.java:128)
	at java.base/java.util.ArrayList.forEach(ArrayList.java:1596)
	at org.testng.TestRunner.privateRun(TestRunner.java:808)
	at org.testng.TestRunner.run(TestRunner.java:603)
	at org.testng.SuiteRunner.runTest(SuiteRunner.java:429)
	at org.testng.SuiteRunner.runSequentially(SuiteRunner.java:423)
	at org.testng.SuiteRunner.privateRun(SuiteRunner.java:383)
	at org.testng.SuiteRunner.run(SuiteRunner.java:326)
	at org.testng.SuiteRunnerWorker.runSuite(SuiteRunnerWorker.java:52)
	at org.testng.SuiteRunnerWorker.run(SuiteRunnerWorker.java:95)
	at org.testng.TestNG.runSuitesSequentially(TestNG.java:1249)
	at org.testng.TestNG.runSuitesLocally(TestNG.java:1169)
	at org.testng.TestNG.runSuites(TestNG.java:1092)
	at org.testng.TestNG.run(TestNG.java:1060)
	at org.apache.maven.surefire.testng.TestNGExecutor.run(TestNGExecutor.java:155)
	at org.apache.maven.surefire.testng.TestNGDirectoryTestSuite.executeSingleClass(TestNGDirectoryTestSuite.java:102)
	at org.apache.maven.surefire.testng.TestNGDirectoryTestSuite.execute(TestNGDirectoryTestSuite.java:91)
	at org.apache.maven.surefire.testng.TestNGProvider.invoke(TestNGProvider.java:137)
	at org.apache.maven.surefire.booter.ForkedBooter.runSuitesInProcess(ForkedBooter.java:385)
	at org.apache.maven.surefire.booter.ForkedBooter.execute(ForkedBooter.java:162)
	at org.apache.maven.surefire.booter.ForkedBooter.run(ForkedBooter.java:507)
	at org.apache.maven.surefire.booter.ForkedBooter.main(ForkedBooter.java:495)

