<?xml version="1.0" encoding="UTF-8"?>
<testsuite xmlns:xsi="http://www.w3.org/2001/XMLSchema-instance" xsi:noNamespaceSchemaLocation="https://maven.apache.org/surefire/maven-surefire-plugin/xsd/surefire-test-report-3.0.xsd" version="3.0" name="TestSuite" time="49.675" tests="1" errors="0" skipped="0" failures="1">
  <properties>
[...]
</properties>
  <testcase name="runScenario[&quot;Complete DSA Portal to Jarvis Portal Handoff using Context Bridge&quot;, &quot;Unsecured Business Loan End-to-End Workflow&quot;](1)" classname="testRunner.UblRunnerTest" time="44.297">
    <failure message="Error {&#10;  message=&apos;Target page, context or browser has been closed&#10;  name=&apos;TargetClosedError&#10;  stack=&apos;TargetClosedError:Target page, context or browser has been closed&#10;Error&#10;    at captureRawStack (/private/var/folders/ys/g6nbn1894354jyyrj64fwty80000gp/T/playwright-java-13429531906463883265/package/lib/utils/stackTrace.js:49:17)&#10;    at LongStandingScope._race (/private/var/folders/ys/g6nbn1894354jyyrj64fwty80000gp/T/playwright-java-13429531906463883265/package/lib/utils/manualPromise.js:91:52)&#10;    at LongStandingScope.race (/private/var/folders/ys/g6nbn1894354jyyrj64fwty80000gp/T/playwright-java-13429531906463883265/package/lib/utils/manualPromise.js:84:17)&#10;    at FrameDispatcher._handleCommand (/private/var/folders/ys/g6nbn1894354jyyrj64fwty80000gp/T/playwright-java-13429531906463883265/package/lib/server/dispatchers/dispatcher.js:96:36)&#10;    at DispatcherConnection.dispatch (/private/var/folders/ys/g6nbn1894354jyyrj64fwty80000gp/T/playwright-java-13429531906463883265/package/lib/server/dispatchers/dispatcher.js:361:39)&#10;}&#10;Call log:&#10;- waiting for getByText(&quot;Team View&quot;).first() to be visible&#10;" type="com.microsoft.playwright.impl.TargetClosedError"><![CDATA[com.microsoft.playwright.impl.TargetClosedError: 
Error {
  message='Target page, context or browser has been closed
  name='TargetClosedError
  stack='TargetClosedError:Target page, context or browser has been closed
Error
    at captureRawStack (/private/var/folders/ys/g6nbn1894354jyyrj64fwty80000gp/T/playwright-java-13429531906463883265/package/lib/utils/stackTrace.js:49:17)
    at LongStandingScope._race (/private/var/folders/ys/g6nbn1894354jyyrj64fwty80000gp/T/playwright-java-13429531906463883265/package/lib/utils/manualPromise.js:91:52)
    at LongStandingScope.race (/private/var/folders/ys/g6nbn1894354jyyrj64fwty80000gp/T/playwright-java-13429531906463883265/package/lib/utils/manualPromise.js:84:17)
    at FrameDispatcher._handleCommand (/private/var/folders/ys/g6nbn1894354jyyrj64fwty80000gp/T/playwright-java-13429531906463883265/package/lib/server/dispatchers/dispatcher.js:96:36)
    at DispatcherConnection.dispatch (/private/var/folders/ys/g6nbn1894354jyyrj64fwty80000gp/T/playwright-java-13429531906463883265/package/lib/server/dispatchers/dispatcher.js:361:39)
}
Call log:
- waiting for getByText("Team View").first() to be visible

	at com.microsoft.playwright.impl.WaitableResult.get(WaitableResult.java:54)
	at com.microsoft.playwright.impl.ChannelOwner.runUntil(ChannelOwner.java:120)
	at com.microsoft.playwright.impl.Connection.sendMessage(Connection.java:130)
	at com.microsoft.playwright.impl.ChannelOwner.sendMessage(ChannelOwner.java:106)
	at com.microsoft.playwright.impl.FrameImpl.waitForSelectorImpl(FrameImpl.java:1060)
	at com.microsoft.playwright.impl.LocatorImpl.lambda$waitForImpl$7(LocatorImpl.java:619)
	at com.microsoft.playwright.impl.LoggingSupport.withLogging(LoggingSupport.java:47)
	at com.microsoft.playwright.impl.ChannelOwner.withLogging(ChannelOwner.java:89)
	at com.microsoft.playwright.impl.LocatorImpl.waitForImpl(LocatorImpl.java:619)
	at com.microsoft.playwright.impl.LocatorImpl.waitFor(LocatorImpl.java:615)
	at ui.pages.jarvis.AllocationDashboardPage.switchToTeamView(AllocationDashboardPage.java:115)
	at ui.stepDefinitions.jarvis.AllocationDashboardSteps.switchToTeamView(AllocationDashboardSteps.java:21)
	at ✽.User switches to Team View in the Allocation Dashboard(file:///Users/adarshgani/Documents/GitHub/branachAutomate/features/ubl.feature:81)
Caused by: com.microsoft.playwright.impl.TargetClosedError: Error {
  message='Target page, context or browser has been closed
  name='TargetClosedError
  stack='TargetClosedError:Target page, context or browser has been closed
Error
    at captureRawStack (/private/var/folders/ys/g6nbn1894354jyyrj64fwty80000gp/T/playwright-java-13429531906463883265/package/lib/utils/stackTrace.js:49:17)
    at LongStandingScope._race (/private/var/folders/ys/g6nbn1894354jyyrj64fwty80000gp/T/playwright-java-13429531906463883265/package/lib/utils/manualPromise.js:91:52)
    at LongStandingScope.race (/private/var/folders/ys/g6nbn1894354jyyrj64fwty80000gp/T/playwright-java-13429531906463883265/package/lib/utils/manualPromise.js:84:17)
    at FrameDispatcher._handleCommand (/private/var/folders/ys/g6nbn1894354jyyrj64fwty80000gp/T/playwright-java-13429531906463883265/package/lib/server/dispatchers/dispatcher.js:96:36)
    at DispatcherConnection.dispatch (/private/var/folders/ys/g6nbn1894354jyyrj64fwty80000gp/T/playwright-java-13429531906463883265/package/lib/server/dispatchers/dispatcher.js:361:39)
}
Call log:
- waiting for getByText("Team View").first() to be visible

	at com.microsoft.playwright.impl.Connection.dispatch(Connection.java:256)
	at com.microsoft.playwright.impl.Connection.processOneMessage(Connection.java:211)
	at com.microsoft.playwright.impl.ChannelOwner.runUntil(ChannelOwner.java:118)
	at com.microsoft.playwright.impl.Connection.sendMessage(Connection.java:130)
	at com.microsoft.playwright.impl.ChannelOwner.sendMessage(ChannelOwner.java:106)
	at com.microsoft.playwright.impl.FrameImpl.waitForSelectorImpl(FrameImpl.java:1060)
	at com.microsoft.playwright.impl.LocatorImpl.lambda$waitForImpl$7(LocatorImpl.java:619)
	at com.microsoft.playwright.impl.LoggingSupport.withLogging(LoggingSupport.java:47)
	at com.microsoft.playwright.impl.ChannelOwner.withLogging(ChannelOwner.java:89)
	at com.microsoft.playwright.impl.LocatorImpl.waitForImpl(LocatorImpl.java:619)
	at com.microsoft.playwright.impl.LocatorImpl.waitFor(LocatorImpl.java:615)
	at ui.pages.jarvis.AllocationDashboardPage.switchToTeamView(AllocationDashboardPage.java:115)
	at ui.stepDefinitions.jarvis.AllocationDashboardSteps.switchToTeamView(AllocationDashboardSteps.java:21)
	at java.base/jdk.internal.reflect.DirectMethodHandleAccessor.invoke(DirectMethodHandleAccessor.java:103)
	at java.base/java.lang.reflect.Method.invoke(Method.java:580)
	at io.cucumber.java.Invoker.doInvoke(Invoker.java:66)
	at io.cucumber.java.Invoker.invoke(Invoker.java:24)
	at io.cucumber.java.AbstractGlueDefinition.invokeMethod(AbstractGlueDefinition.java:47)
	at io.cucumber.java.JavaStepDefinition.execute(JavaStepDefinition.java:29)
	at io.cucumber.core.runner.CoreStepDefinition.execute(CoreStepDefinition.java:66)
	at io.cucumber.core.runner.PickleStepDefinitionMatch.runStep(PickleStepDefinitionMatch.java:63)
	at io.cucumber.core.runner.ExecutionMode$1.execute(ExecutionMode.java:10)
	at io.cucumber.core.runner.TestStep.executeStep(TestStep.java:84)
	at io.cucumber.core.runner.TestStep.run(TestStep.java:56)
	at io.cucumber.core.runner.PickleStepTestStep.run(PickleStepTestStep.java:51)
	at io.cucumber.core.runner.TestCase.run(TestCase.java:84)
	at io.cucumber.core.runner.Runner.runPickle(Runner.java:75)
	at io.cucumber.testng.TestNGCucumberRunner.lambda$runScenario$1(TestNGCucumberRunner.java:132)
	at io.cucumber.core.runtime.CucumberExecutionContext.lambda$runTestCase$5(CucumberExecutionContext.java:137)
	at io.cucumber.core.runtime.RethrowingThrowableCollector.executeAndThrow(RethrowingThrowableCollector.java:23)
	at io.cucumber.core.runtime.CucumberExecutionContext.runTestCase(CucumberExecutionContext.java:137)
	at io.cucumber.testng.TestNGCucumberRunner.runScenario(TestNGCucumberRunner.java:129)
	at io.cucumber.testng.AbstractTestNGCucumberTests.runScenario(AbstractTestNGCucumberTests.java:35)
	at java.base/jdk.internal.reflect.DirectMethodHandleAccessor.invoke(DirectMethodHandleAccessor.java:103)
	at java.base/java.lang.reflect.Method.invoke(Method.java:580)
	at org.testng.internal.invokers.MethodInvocationHelper.invokeMethod(MethodInvocationHelper.java:135)
	at org.testng.internal.invokers.TestInvoker.invokeMethod(TestInvoker.java:673)
	at org.testng.internal.invokers.TestInvoker.invokeTestMethod(TestInvoker.java:220)
	at org.testng.internal.invokers.MethodRunner.runInSequence(MethodRunner.java:50)
	at org.testng.internal.invokers.TestInvoker$MethodInvocationAgent.invoke(TestInvoker.java:945)
	at org.testng.internal.invokers.TestInvoker.invokeTestMethods(TestInvoker.java:193)
	at org.testng.internal.invokers.TestMethodWorker.invokeTestMethods(TestMethodWorker.java:146)
	at org.testng.internal.invokers.TestMethodWorker.run(TestMethodWorker.java:128)
	at java.base/java.util.ArrayList.forEach(ArrayList.java:1596)
	at org.testng.TestRunner.privateRun(TestRunner.java:808)
	at org.testng.TestRunner.run(TestRunner.java:603)
	at org.testng.SuiteRunner.runTest(SuiteRunner.java:429)
	at org.testng.SuiteRunner.runSequentially(SuiteRunner.java:423)
	at org.testng.SuiteRunner.privateRun(SuiteRunner.java:383)
	at org.testng.SuiteRunner.run(SuiteRunner.java:326)
	at org.testng.SuiteRunnerWorker.runSuite(SuiteRunnerWorker.java:52)
	at org.testng.SuiteRunnerWorker.run(SuiteRunnerWorker.java:95)
	at org.testng.TestNG.runSuitesSequentially(TestNG.java:1249)
	at org.testng.TestNG.runSuitesLocally(TestNG.java:1169)
	at org.testng.TestNG.runSuites(TestNG.java:1092)
	at org.testng.TestNG.run(TestNG.java:1060)
	at org.apache.maven.surefire.testng.TestNGExecutor.run(TestNGExecutor.java:155)
	at org.apache.maven.surefire.testng.TestNGDirectoryTestSuite.executeMulti(TestNGDirectoryTestSuite.java:169)
	at org.apache.maven.surefire.testng.TestNGDirectoryTestSuite.execute(TestNGDirectoryTestSuite.java:88)
	at org.apache.maven.surefire.testng.TestNGProvider.invoke(TestNGProvider.java:137)
	at org.apache.maven.surefire.booter.ForkedBooter.runSuitesInProcess(ForkedBooter.java:385)
	at org.apache.maven.surefire.booter.ForkedBooter.execute(ForkedBooter.java:162)
	at org.apache.maven.surefire.booter.ForkedBooter.run(ForkedBooter.java:507)
	at org.apache.maven.surefire.booter.ForkedBooter.main(ForkedBooter.java:495)
]]></failure>
    <system-out><![CDATA[22:02:35.209 [main] DEBUG org.testng.internal.Graph -- [Graph] ADDING NODE AbstractTestNGCucumberTests.setUpClass(org.testng.ITestContext)[pri:0, instance:null] -393284817
22:02:35.210 [main] DEBUG org.testng.internal.Graph -- [Graph] ================ SORTING
22:02:35.211 [main] DEBUG org.testng.internal.Graph -- [Graph] =============== DONE SORTING
22:02:35.211 [main] DEBUG org.testng.internal.Graph -- [Graph] ====== SORTED NODES
22:02:35.211 [main] DEBUG org.testng.internal.Graph -- [Graph] ====== END SORTED NODES
22:02:35.211 [main] DEBUG org.testng.internal.Graph -- [Graph] ADDING NODE AbstractTestNGCucumberTests.tearDownClass()[pri:0, instance:null] 1523153566
22:02:35.211 [main] DEBUG org.testng.internal.Graph -- [Graph] ================ SORTING
22:02:35.211 [main] DEBUG org.testng.internal.Graph -- [Graph] =============== DONE SORTING
22:02:35.211 [main] DEBUG org.testng.internal.Graph -- [Graph] ====== SORTED NODES
22:02:35.211 [main] DEBUG org.testng.internal.Graph -- [Graph] ====== END SORTED NODES
22:02:35.213 [main] DEBUG org.testng.internal.Graph -- [Graph] ADDING NODE AbstractTestNGCucumberTests.runScenario(io.cucumber.testng.PickleWrapper,io.cucumber.testng.FeatureWrapper)[pri:0, instance:testRunner.UblRunnerTest@33d512c1] -280757358
22:02:35.213 [main] DEBUG org.testng.internal.Graph -- [Graph] ================ SORTING
22:02:35.213 [main] DEBUG org.testng.internal.Graph -- [Graph] =============== DONE SORTING
22:02:35.213 [main] DEBUG org.testng.internal.Graph -- [Graph] ====== SORTED NODES
22:02:35.213 [main] DEBUG org.testng.internal.Graph -- [Graph] ====== END SORTED NODES

@UBL @Regression
Scenario: Complete DSA Portal to Jarvis Portal Handoff using Context Bridge                             &amp#27;[90m# features/ubl.feature:4&amp#27;[0m
&amp#27;[36m2026-04-20 22:02:40&amp#27;[m &amp#27;[32m[INFO ]&amp#27;[m - Starting new browser for scenario: Complete DSA Portal to Jarvis Portal Handoff using Context Bridge
&amp#27;[36m2026-04-20 22:02:43&amp#27;[m &amp#27;[32m[INFO ]&amp#27;[m - Browser, context and page initialized successfully for thread
&amp#27;[36m2026-04-20 22:02:43&amp#27;[m &amp#27;[32m[INFO ]&amp#27;[m - Generated and stored mobile number: 6472433202
&amp#27;[36m2026-04-20 22:02:43&amp#27;[m &amp#27;[32m[INFO ]&amp#27;[m - Generated and stored PAN number: NRZPK4139W
====================================================================

&amp#27;[1;36mRequest method:   POST&amp#27;[0m
Request URI:      https://mystique.uat.creditsaison.corp/addKyc?kycType=pancard
Query params:     {kycType=pancard}
&amp#27;[1;33mRequest Body:
{
    "input": {
        "pan": "NRZPK4139W",
        "consent": "Y"
    },
    "output": {
        "requestId": "d041f16d-902f-4ced-a365-427de20f2e78",
        "result": {
            "pan": "NRZPK4139W",
            "name": "Shea Test",
            "firstName": "Shea",
            "middleName": "",
            "lastName": "Test",
            "gender": "F",
            "aadhaarLinked": true,
            "aadhaarMatch": true,
            "dob": "2004-02-23",
            "address": {
                "buildingName": "2/21 RAM WADI",
                "locality": "JOGESHWARI SOUTH",
                "streetName": "AGARWAL NGR CAVES RD",
                "pinCode": "400060",
                "city": "MUMBAI",
                "state": "MAHARASHTRA",
                "country": ""
            },
            "mobileNo": null,
            "emailId": null,
            "profileMatch": [
                {
                    "parameter": "address",
                    "matchScore": 0.99,
                    "matchResult": true
                },
                {
                    "parameter": "name",
                    "matchScore": 1,
                    "matchResult": true
                },
                {
                    "parameter": "dob",
                    "matchScore": 1,
                    "matchResult": true
                }
            ],
            "authorizedSignatory": {
                "pan": "",
                "name": "",
                "firstName": "",
                "middleName": "",
                "lastName": "",
                "gender": "",
                "aadhaarLinked": null,
                "dob": "",
                "mobileNo": "",
                "emailId": "",
                "address": {
                    "buildingName": "",
                    "locality": "",
                    "streetName": "",
                    "pinCode": "",
                    "city": "",
                    "state": "",
                    "country": ""
                }
            },
            "status": "Active",
            "issueDate": "2016-06-28",
            "isSalaried": true,
            "isDirector": false,
            "isSoleProp": false
        },
        "statusCode": 101
    }
}&amp#27;[0m

Response Status:  HTTP/1.1 200 OK
&amp#27;[1;33mResponse Body:
{
    "message": "Added a new kyc of type pancard with id- NRZPK4139W"
}&amp#27;[0m
====================================================================

  &amp#27;[32mGiven &amp#27;[0m&amp#27;[32mGenerates required test data and Whitelist PAN for profile &amp#27;[0m&amp#27;[32m&amp#27;[1m"Shea Test"&amp#27;[0m&amp#27;[32m in Mystique&amp#27;[0m              &amp#27;[90m# backend.stepDefinitions.ApiStepDefinitions.generateDataAndWhitelistPan(java.lang.String)&amp#27;[0m
&amp#27;[36m2026-04-20 22:02:47&amp#27;[m &amp#27;[32m[INFO ]&amp#27;[m - Navigated to DSA Portal: https://portal.uat.creditsaison.xyz/signin
  &amp#27;[32mGiven &amp#27;[0m&amp#27;[32mUser navigates to the DSA Portal&amp#27;[0m                                                                &amp#27;[90m# ui.stepDefinitions.dsa.LoginSteps.navigateToDsaPortal()&amp#27;[0m
&amp#27;[36m2026-04-20 22:02:47&amp#27;[m &amp#27;[32m[INFO ]&amp#27;[m - Switching to Jarvis portal and performing login...
&amp#27;[36m2026-04-20 22:02:47&amp#27;[m &amp#27;[32m[INFO ]&amp#27;[m - Loading credentials from: /Users/adarshgani/Documents/GitHub/branachAutomate/src/test/resources/properties/uatCredentials.properties
&amp#27;[36m2026-04-20 22:02:47&amp#27;[m &amp#27;[32m[INFO ]&amp#27;[m - Loaded credentials for jarvis: User=tenjin.user@creditsaison-in.com, Email=null, OTP=****
&amp#27;[36m2026-04-20 22:02:47&amp#27;[m &amp#27;[32m[INFO ]&amp#27;[m - Storage state saved to: /Users/adarshgani/Documents/GitHub/branachAutomate/target/storage-states/dsa-session-1.json
&amp#27;[36m2026-04-20 22:02:48&amp#27;[m &amp#27;[32m[INFO ]&amp#27;[m - New context created from storage state: /Users/adarshgani/Documents/GitHub/branachAutomate/target/storage-states/dsa-session-1.json
&amp#27;[36m2026-04-20 22:02:49&amp#27;[m &amp#27;[32m[INFO ]&amp#27;[m - Switched to Jarvis Portal at: https://jarvis.uat.creditsaison.corp
&amp#27;[36m2026-04-20 22:02:49&amp#27;[m &amp#27;[32m[INFO ]&amp#27;[m - Starting Jarvis Login process...
&amp#27;[36m2026-04-20 22:02:58&amp#27;[m &amp#27;[32m[INFO ]&amp#27;[m - Jarvis Login submitted.
&amp#27;[36m2026-04-20 22:03:04&amp#27;[m &amp#27;[32m[INFO ]&amp#27;[m - Successfully landed on Jarvis Dashboard
  &amp#27;[32mAnd &amp#27;[0m&amp#27;[32mUser switches to Jarvis portal and logins&amp#27;[0m                                                         &amp#27;[90m# ui.stepDefinitions.jarvis.LoginSteps.switchToJarvisAndLogin()&amp#27;[0m
&amp#27;[36m2026-04-20 22:03:04&amp#27;[m &amp#27;[32m[INFO ]&amp#27;[m - Navigating to Application tab in Jarvis sidebar
&amp#27;[36m2026-04-20 22:03:10&amp#27;[m &amp#27;[32m[INFO ]&amp#27;[m - Application tab loaded
&amp#27;[36m2026-04-20 22:03:10&amp#27;[m &amp#27;[32m[INFO ]&amp#27;[m - Searching by [Partner LID] with value: dsa-3d3e3f75-38d3-4dcf-b2e5-3c3c1dc279ad
&amp#27;[36m2026-04-20 22:03:11&amp#27;[m &amp#27;[32m[INFO ]&amp#27;[m - Selected [Partner LID] from search criteria dropdown
&amp#27;[36m2026-04-20 22:03:11&amp#27;[m &amp#27;[32m[INFO ]&amp#27;[m - Search executed. Waiting for results...
&amp#27;[36m2026-04-20 22:03:11&amp#27;[m &amp#27;[32m[INFO ]&amp#27;[m - Captured App ID from first row: 1bca88ab-dbde-4e63-b016-2f0fc60cb459
&amp#27;[36m2026-04-20 22:03:11&amp#27;[m &amp#27;[32m[INFO ]&amp#27;[m - Clicking to open the first application in the list...
&amp#27;[36m2026-04-20 22:03:11&amp#27;[m &amp#27;[32m[INFO ]&amp#27;[m - Application form opened successfully.
  &amp#27;[32mAnd &amp#27;[0m&amp#27;[32mUser navigates to the Applications tab searches appFrom using &amp#27;[0m&amp#27;[32m&amp#27;[1m"Partner LID"&amp#27;[0m&amp#27;[32m and opens the appform&amp#27;[0m &amp#27;[90m# ui.stepDefinitions.jarvis.ApplicationSteps.openAppFromInJarvis(java.lang.String)&amp#27;[0m
&amp#27;[36m2026-04-20 22:03:11&amp#27;[m &amp#27;[32m[INFO ]&amp#27;[m - Navigating to Allocation Dashboard...
&amp#27;[36m2026-04-20 22:03:11&amp#27;[m &amp#27;[32m[INFO ]&amp#27;[m - Navigated to Allocation Dashboard via URL: https://jarvis.uat.creditsaison.corp/allocation-dashboard
  &amp#27;[32mAnd &amp#27;[0m&amp#27;[32mUser navigates to the Allocation Dashboard from the sidebar&amp#27;[0m                                       &amp#27;[90m# ui.stepDefinitions.jarvis.AllocationDashboardSteps.navigateToAllocationDashboard()&amp#27;[0m
&amp#27;[36m2026-04-20 22:03:11&amp#27;[m &amp#27;[32m[INFO ]&amp#27;[m - Switching to Team View...
&amp#27;[36m2026-04-20 22:03:16&amp#27;[m &amp#27;[32m[INFO ]&amp#27;[m - UI Elements found: []
  &amp#27;[31mAnd &amp#27;[0m&amp#27;[31mUser switches to Team View in the Allocation Dashboard&amp#27;[0m                                            &amp#27;[90m# ui.stepDefinitions.jarvis.AllocationDashboardSteps.switchToTeamView()&amp#27;[0m
      &amp#27;[31mcom.microsoft.playwright.impl.TargetClosedError: Error {
  message='Target page, context or browser has been closed
  name='TargetClosedError
  stack='TargetClosedError:Target page, context or browser has been closed
Error
    at captureRawStack (/private/var/folders/ys/g6nbn1894354jyyrj64fwty80000gp/T/playwright-java-13429531906463883265/package/lib/utils/stackTrace.js:49:17)
    at LongStandingScope._race (/private/var/folders/ys/g6nbn1894354jyyrj64fwty80000gp/T/playwright-java-13429531906463883265/package/lib/utils/manualPromise.js:91:52)
    at LongStandingScope.race (/private/var/folders/ys/g6nbn1894354jyyrj64fwty80000gp/T/playwright-java-13429531906463883265/package/lib/utils/manualPromise.js:84:17)
    at FrameDispatcher._handleCommand (/private/var/folders/ys/g6nbn1894354jyyrj64fwty80000gp/T/playwright-java-13429531906463883265/package/lib/server/dispatchers/dispatcher.js:96:36)
    at DispatcherConnection.dispatch (/private/var/folders/ys/g6nbn1894354jyyrj64fwty80000gp/T/playwright-java-13429531906463883265/package/lib/server/dispatchers/dispatcher.js:361:39)
}
Call log:
- waiting for getByText("Team View").first() to be visible

	at com.microsoft.playwright.impl.WaitableResult.get(WaitableResult.java:54)
	at com.microsoft.playwright.impl.ChannelOwner.runUntil(ChannelOwner.java:120)
	at com.microsoft.playwright.impl.Connection.sendMessage(Connection.java:130)
	at com.microsoft.playwright.impl.ChannelOwner.sendMessage(ChannelOwner.java:106)
	at com.microsoft.playwright.impl.FrameImpl.waitForSelectorImpl(FrameImpl.java:1060)
	at com.microsoft.playwright.impl.LocatorImpl.lambda$waitForImpl$7(LocatorImpl.java:619)
	at com.microsoft.playwright.impl.LoggingSupport.withLogging(LoggingSupport.java:47)
	at com.microsoft.playwright.impl.ChannelOwner.withLogging(ChannelOwner.java:89)
	at com.microsoft.playwright.impl.LocatorImpl.waitForImpl(LocatorImpl.java:619)
	at com.microsoft.playwright.impl.LocatorImpl.waitFor(LocatorImpl.java:615)
	at ui.pages.jarvis.AllocationDashboardPage.switchToTeamView(AllocationDashboardPage.java:115)
	at ui.stepDefinitions.jarvis.AllocationDashboardSteps.switchToTeamView(AllocationDashboardSteps.java:21)
	at ✽.User switches to Team View in the Allocation Dashboard(file:///Users/adarshgani/Documents/GitHub/branachAutomate/features/ubl.feature:81)
Caused by: com.microsoft.playwright.impl.TargetClosedError: Error {
  message='Target page, context or browser has been closed
  name='TargetClosedError
  stack='TargetClosedError:Target page, context or browser has been closed
Error
    at captureRawStack (/private/var/folders/ys/g6nbn1894354jyyrj64fwty80000gp/T/playwright-java-13429531906463883265/package/lib/utils/stackTrace.js:49:17)
    at LongStandingScope._race (/private/var/folders/ys/g6nbn1894354jyyrj64fwty80000gp/T/playwright-java-13429531906463883265/package/lib/utils/manualPromise.js:91:52)
    at LongStandingScope.race (/private/var/folders/ys/g6nbn1894354jyyrj64fwty80000gp/T/playwright-java-13429531906463883265/package/lib/utils/manualPromise.js:84:17)
    at FrameDispatcher._handleCommand (/private/var/folders/ys/g6nbn1894354jyyrj64fwty80000gp/T/playwright-java-13429531906463883265/package/lib/server/dispatchers/dispatcher.js:96:36)
    at DispatcherConnection.dispatch (/private/var/folders/ys/g6nbn1894354jyyrj64fwty80000gp/T/playwright-java-13429531906463883265/package/lib/server/dispatchers/dispatcher.js:361:39)
}
Call log:
- waiting for getByText("Team View").first() to be visible

	at com.microsoft.playwright.impl.Connection.dispatch(Connection.java:256)
	at com.microsoft.playwright.impl.Connection.processOneMessage(Connection.java:211)
	at com.microsoft.playwright.impl.ChannelOwner.runUntil(ChannelOwner.java:118)
	at com.microsoft.playwright.impl.Connection.sendMessage(Connection.java:130)
	at com.microsoft.playwright.impl.ChannelOwner.sendMessage(ChannelOwner.java:106)
	at com.microsoft.playwright.impl.FrameImpl.waitForSelectorImpl(FrameImpl.java:1060)
	at com.microsoft.playwright.impl.LocatorImpl.lambda$waitForImpl$7(LocatorImpl.java:619)
	at com.microsoft.playwright.impl.LoggingSupport.withLogging(LoggingSupport.java:47)
	at com.microsoft.playwright.impl.ChannelOwner.withLogging(ChannelOwner.java:89)
	at com.microsoft.playwright.impl.LocatorImpl.waitForImpl(LocatorImpl.java:619)
	at com.microsoft.playwright.impl.LocatorImpl.waitFor(LocatorImpl.java:615)
	at ui.pages.jarvis.AllocationDashboardPage.switchToTeamView(AllocationDashboardPage.java:115)
	at ui.stepDefinitions.jarvis.AllocationDashboardSteps.switchToTeamView(AllocationDashboardSteps.java:21)
	at java.base/jdk.internal.reflect.DirectMethodHandleAccessor.invoke(DirectMethodHandleAccessor.java:103)
	at java.base/java.lang.reflect.Method.invoke(Method.java:580)
	at io.cucumber.java.Invoker.doInvoke(Invoker.java:66)
	at io.cucumber.java.Invoker.invoke(Invoker.java:24)
	at io.cucumber.java.AbstractGlueDefinition.invokeMethod(AbstractGlueDefinition.java:47)
	at io.cucumber.java.JavaStepDefinition.execute(JavaStepDefinition.java:29)
	at io.cucumber.core.runner.CoreStepDefinition.execute(CoreStepDefinition.java:66)
	at io.cucumber.core.runner.PickleStepDefinitionMatch.runStep(PickleStepDefinitionMatch.java:63)
	at io.cucumber.core.runner.ExecutionMode$1.execute(ExecutionMode.java:10)
	at io.cucumber.core.runner.TestStep.executeStep(TestStep.java:84)
	at io.cucumber.core.runner.TestStep.run(TestStep.java:56)
	at io.cucumber.core.runner.PickleStepTestStep.run(PickleStepTestStep.java:51)
	at io.cucumber.core.runner.TestCase.run(TestCase.java:84)
	at io.cucumber.core.runner.Runner.runPickle(Runner.java:75)
	at io.cucumber.testng.TestNGCucumberRunner.lambda$runScenario$1(TestNGCucumberRunner.java:132)
	at io.cucumber.core.runtime.CucumberExecutionContext.lambda$runTestCase$5(CucumberExecutionContext.java:137)
	at io.cucumber.core.runtime.RethrowingThrowableCollector.executeAndThrow(RethrowingThrowableCollector.java:23)
	at io.cucumber.core.runtime.CucumberExecutionContext.runTestCase(CucumberExecutionContext.java:137)
	at io.cucumber.testng.TestNGCucumberRunner.runScenario(TestNGCucumberRunner.java:129)
	at io.cucumber.testng.AbstractTestNGCucumberTests.runScenario(AbstractTestNGCucumberTests.java:35)
	at java.base/jdk.internal.reflect.DirectMethodHandleAccessor.invoke(DirectMethodHandleAccessor.java:103)
	at java.base/java.lang.reflect.Method.invoke(Method.java:580)
	at org.testng.internal.invokers.MethodInvocationHelper.invokeMethod(MethodInvocationHelper.java:135)
	at org.testng.internal.invokers.TestInvoker.invokeMethod(TestInvoker.java:673)
	at org.testng.internal.invokers.TestInvoker.invokeTestMethod(TestInvoker.java:220)
	at org.testng.internal.invokers.MethodRunner.runInSequence(MethodRunner.java:50)
	at org.testng.internal.invokers.TestInvoker$MethodInvocationAgent.invoke(TestInvoker.java:945)
	at org.testng.internal.invokers.TestInvoker.invokeTestMethods(TestInvoker.java:193)
	at org.testng.internal.invokers.TestMethodWorker.invokeTestMethods(TestMethodWorker.java:146)
	at org.testng.internal.invokers.TestMethodWorker.run(TestMethodWorker.java:128)
	at java.base/java.util.ArrayList.forEach(ArrayList.java:1596)
	at org.testng.TestRunner.privateRun(TestRunner.java:808)
	at org.testng.TestRunner.run(TestRunner.java:603)
	at org.testng.SuiteRunner.runTest(SuiteRunner.java:429)
	at org.testng.SuiteRunner.runSequentially(SuiteRunner.java:423)
	at org.testng.SuiteRunner.privateRun(SuiteRunner.java:383)
	at org.testng.SuiteRunner.run(SuiteRunner.java:326)
	at org.testng.SuiteRunnerWorker.runSuite(SuiteRunnerWorker.java:52)
	at org.testng.SuiteRunnerWorker.run(SuiteRunnerWorker.java:95)
	at org.testng.TestNG.runSuitesSequentially(TestNG.java:1249)
	at org.testng.TestNG.runSuitesLocally(TestNG.java:1169)
	at org.testng.TestNG.runSuites(TestNG.java:1092)
	at org.testng.TestNG.run(TestNG.java:1060)
	at org.apache.maven.surefire.testng.TestNGExecutor.run(TestNGExecutor.java:155)
	at org.apache.maven.surefire.testng.TestNGDirectoryTestSuite.executeMulti(TestNGDirectoryTestSuite.java:169)
	at org.apache.maven.surefire.testng.TestNGDirectoryTestSuite.execute(TestNGDirectoryTestSuite.java:88)
	at org.apache.maven.surefire.testng.TestNGProvider.invoke(TestNGProvider.java:137)
	at org.apache.maven.surefire.booter.ForkedBooter.runSuitesInProcess(ForkedBooter.java:385)
	at org.apache.maven.surefire.booter.ForkedBooter.execute(ForkedBooter.java:162)
	at org.apache.maven.surefire.booter.ForkedBooter.run(ForkedBooter.java:507)
	at org.apache.maven.surefire.booter.ForkedBooter.main(ForkedBooter.java:495)
&amp#27;[0m
  &amp#27;[36mAnd &amp#27;[0m&amp#27;[36mUser searches for the appform using App ID in Allocation Dashboard&amp#27;[0m                                &amp#27;[90m# ui.stepDefinitions.jarvis.AllocationDashboardSteps.searchByAppIdInAllocationDashboard()&amp#27;[0m
  &amp#27;[36mAnd &amp#27;[0m&amp#27;[36mUser selects the appform checkbox and clicks Allocate&amp#27;[0m                                             &amp#27;[90m# ui.stepDefinitions.jarvis.AllocationDashboardSteps.selectCheckboxAndClickAllocate()&amp#27;[0m
  &amp#27;[36mAnd &amp#27;[0m&amp#27;[36mUser clicks Proceed on the allocation alert popup&amp#27;[0m                                                 &amp#27;[90m# ui.stepDefinitions.jarvis.AllocationDashboardSteps.clickProceedOnAlert()&amp#27;[0m
  &amp#27;[36mAnd &amp#27;[0m&amp#27;[36mUser assigns the appform to Tenjin and finishes allocation&amp#27;[0m                                        &amp#27;[90m# ui.stepDefinitions.jarvis.AllocationDashboardSteps.assignToTenjinAndFinish()&amp#27;[0m
  &amp#27;[36mAnd &amp#27;[0m&amp#27;[36mUser re-opens the appform from the Allocation Dashboard row&amp#27;[0m                                       &amp#27;[90m# ui.stepDefinitions.jarvis.AllocationDashboardSteps.reOpenAppFormFromRow()&amp#27;[0m
  &amp#27;[36mAnd &amp#27;[0m&amp#27;[36mUser moves the application to CM via Application Actions&amp#27;[0m                                          &amp#27;[90m# ui.stepDefinitions.jarvis.AppFormActionsSteps.moveApplicationToCM()&amp#27;[0m
&amp#27;[36m2026-04-20 22:03:19&amp#27;[m &amp#27;[32m[INFO ]&amp#27;[m - Tearing down browser for scenario: Complete DSA Portal to Jarvis Portal Handoff using Context Bridge
&amp#27;[36m2026-04-20 22:03:19&amp#27;[m &amp#27;[32m[INFO ]&amp#27;[m - Playwright resources cleaned up for thread
&amp#27;[36m2026-04-20 22:03:19&amp#27;[m &amp#27;[32m[INFO ]&amp#27;[m - Storage state files cleaned up.
]]></system-out>
  </testcase>
</testsuite>