<?xml version="1.0" encoding="UTF-8"?>
<testsuite xmlns:xsi="http://www.w3.org/2001/XMLSchema-instance" xsi:noNamespaceSchemaLocation="https://maven.apache.org/surefire/maven-surefire-plugin/xsd/surefire-test-report-3.0.xsd" version="3.0" name="testRunner.UblRunnerTest" time="100.146" tests="1" errors="0" skipped="0" failures="1">
  <properties>
[...]
</properties>
  <testcase name="runScenario[&quot;Complete DSA Portal to Jarvis Portal Handoff using Context Bridge&quot;, &quot;Unsecured Business Loan End-to-End Workflow&quot;](1)" classname="testRunner.UblRunnerTest" time="94.762">
    <failure message="Error {&#10;  message=&apos;Timeout 30000ms exceeded.&#10;  name=&apos;TimeoutError&#10;  stack=&apos;TimeoutError: Timeout 30000ms exceeded.&#10;    at ProgressController.run (/private/var/folders/ys/g6nbn1894354jyyrj64fwty80000gp/T/playwright-java-18268008623382128165/package/lib/server/progress.js:78:26)&#10;    at Frame.waitForSelector (/private/var/folders/ys/g6nbn1894354jyyrj64fwty80000gp/T/playwright-java-18268008623382128165/package/lib/server/frames.js:624:23)&#10;    at FrameDispatcher.waitForSelector (/private/var/folders/ys/g6nbn1894354jyyrj64fwty80000gp/T/playwright-java-18268008623382128165/package/lib/server/dispatchers/frameDispatcher.js:105:103)&#10;    at FrameDispatcher._handleCommand (/private/var/folders/ys/g6nbn1894354jyyrj64fwty80000gp/T/playwright-java-18268008623382128165/package/lib/server/dispatchers/dispatcher.js:94:40)&#10;    at DispatcherConnection.dispatch (/private/var/folders/ys/g6nbn1894354jyyrj64fwty80000gp/T/playwright-java-18268008623382128165/package/lib/server/dispatchers/dispatcher.js:361:39)&#10;}&#10;Call log:&#10;- waiting for locator(&quot;li.el-select-dropdown__item:visible&quot;).filter(new Locator.FilterOptions().setHasText(&quot;Move to Credit Approval&quot;)).first() to be visible&#10;" type="com.microsoft.playwright.TimeoutError"><![CDATA[com.microsoft.playwright.TimeoutError: 
Error {
  message='Timeout 30000ms exceeded.
  name='TimeoutError
  stack='TimeoutError: Timeout 30000ms exceeded.
    at ProgressController.run (/private/var/folders/ys/g6nbn1894354jyyrj64fwty80000gp/T/playwright-java-18268008623382128165/package/lib/server/progress.js:78:26)
    at Frame.waitForSelector (/private/var/folders/ys/g6nbn1894354jyyrj64fwty80000gp/T/playwright-java-18268008623382128165/package/lib/server/frames.js:624:23)
    at FrameDispatcher.waitForSelector (/private/var/folders/ys/g6nbn1894354jyyrj64fwty80000gp/T/playwright-java-18268008623382128165/package/lib/server/dispatchers/frameDispatcher.js:105:103)
    at FrameDispatcher._handleCommand (/private/var/folders/ys/g6nbn1894354jyyrj64fwty80000gp/T/playwright-java-18268008623382128165/package/lib/server/dispatchers/dispatcher.js:94:40)
    at DispatcherConnection.dispatch (/private/var/folders/ys/g6nbn1894354jyyrj64fwty80000gp/T/playwright-java-18268008623382128165/package/lib/server/dispatchers/dispatcher.js:361:39)
}
Call log:
- waiting for locator("li.el-select-dropdown__item:visible").filter(new Locator.FilterOptions().setHasText("Move to Credit Approval")).first() to be visible

	at com.microsoft.playwright.impl.WaitableResult.get(WaitableResult.java:52)
	at com.microsoft.playwright.impl.ChannelOwner.runUntil(ChannelOwner.java:120)
	at com.microsoft.playwright.impl.Connection.sendMessage(Connection.java:130)
	at com.microsoft.playwright.impl.ChannelOwner.sendMessage(ChannelOwner.java:106)
	at com.microsoft.playwright.impl.FrameImpl.waitForSelectorImpl(FrameImpl.java:1060)
	at com.microsoft.playwright.impl.LocatorImpl.lambda$waitForImpl$7(LocatorImpl.java:619)
	at com.microsoft.playwright.impl.LoggingSupport.withLogging(LoggingSupport.java:47)
	at com.microsoft.playwright.impl.ChannelOwner.withLogging(ChannelOwner.java:89)
	at com.microsoft.playwright.impl.LocatorImpl.waitForImpl(LocatorImpl.java:619)
	at com.microsoft.playwright.impl.LocatorImpl.waitFor(LocatorImpl.java:615)
	at ui.pages.jarvis.AppFormPage.ApplicationPage.selectActionWithAssignment(ApplicationPage.java:83)
	at ui.stepDefinitions.jarvis.AppFormActionsSteps.moveApplicationWithAssignment(AppFormActionsSteps.java:22)
	at ✽.User moves application to "Move to Credit Approval" assigned to level "L5" and user "tenjin.user@creditsaison-in.com"(file:///Users/adarshgani/Documents/GitHub/branachAutomate/features/ubl.feature:107)
Caused by: com.microsoft.playwright.TimeoutError: Error {
  message='Timeout 30000ms exceeded.
  name='TimeoutError
  stack='TimeoutError: Timeout 30000ms exceeded.
    at ProgressController.run (/private/var/folders/ys/g6nbn1894354jyyrj64fwty80000gp/T/playwright-java-18268008623382128165/package/lib/server/progress.js:78:26)
    at Frame.waitForSelector (/private/var/folders/ys/g6nbn1894354jyyrj64fwty80000gp/T/playwright-java-18268008623382128165/package/lib/server/frames.js:624:23)
    at FrameDispatcher.waitForSelector (/private/var/folders/ys/g6nbn1894354jyyrj64fwty80000gp/T/playwright-java-18268008623382128165/package/lib/server/dispatchers/frameDispatcher.js:105:103)
    at FrameDispatcher._handleCommand (/private/var/folders/ys/g6nbn1894354jyyrj64fwty80000gp/T/playwright-java-18268008623382128165/package/lib/server/dispatchers/dispatcher.js:94:40)
    at DispatcherConnection.dispatch (/private/var/folders/ys/g6nbn1894354jyyrj64fwty80000gp/T/playwright-java-18268008623382128165/package/lib/server/dispatchers/dispatcher.js:361:39)
}
Call log:
- waiting for locator("li.el-select-dropdown__item:visible").filter(new Locator.FilterOptions().setHasText("Move to Credit Approval")).first() to be visible

	at com.microsoft.playwright.impl.Connection.dispatch(Connection.java:254)
	at com.microsoft.playwright.impl.Connection.processOneMessage(Connection.java:211)
	at com.microsoft.playwright.impl.ChannelOwner.runUntil(ChannelOwner.java:118)
	at com.microsoft.playwright.impl.Connection.sendMessage(Connection.java:130)
	at com.microsoft.playwright.impl.ChannelOwner.sendMessage(ChannelOwner.java:106)
	at com.microsoft.playwright.impl.FrameImpl.waitForSelectorImpl(FrameImpl.java:1060)
	at com.microsoft.playwright.impl.LocatorImpl.lambda$waitForImpl$7(LocatorImpl.java:619)
	at com.microsoft.playwright.impl.LoggingSupport.withLogging(LoggingSupport.java:47)
	at com.microsoft.playwright.impl.ChannelOwner.withLogging(ChannelOwner.java:89)
	at com.microsoft.playwright.impl.LocatorImpl.waitForImpl(LocatorImpl.java:619)
	at com.microsoft.playwright.impl.LocatorImpl.waitFor(LocatorImpl.java:615)
	at ui.pages.jarvis.AppFormPage.ApplicationPage.selectActionWithAssignment(ApplicationPage.java:83)
	at ui.stepDefinitions.jarvis.AppFormActionsSteps.moveApplicationWithAssignment(AppFormActionsSteps.java:22)
	at java.base/jdk.internal.reflect.DirectMethodHandleAccessor.invoke(DirectMethodHandleAccessor.java:103)
	at java.base/java.lang.reflect.Method.invoke(Method.java:580)
	at io.cucumber.java.Invoker.doInvoke(Invoker.java:66)
	at io.cucumber.java.Invoker.invoke(Invoker.java:24)
	at io.cucumber.java.AbstractGlueDefinition.invokeMethod(AbstractGlueDefinition.java:47)
	at io.cucumber.java.JavaStepDefinition.execute(JavaStepDefinition.java:29)
	at io.cucumber.core.runner.CoreStepDefinition.execute(CoreStepDefinition.java:66)
	at io.cucumber.core.runner.PickleStepDefinitionMatch.runStep(PickleStepDefinitionMatch.java:63)
	at io.cucumber.core.runner.ExecutionMode$1.execute(ExecutionMode.java:10)
	at io.cucumber.core.runner.TestStep.executeStep(TestStep.java:84)
	at io.cucumber.core.runner.TestStep.run(TestStep.java:56)
	at io.cucumber.core.runner.PickleStepTestStep.run(PickleStepTestStep.java:51)
	at io.cucumber.core.runner.TestCase.run(TestCase.java:84)
	at io.cucumber.core.runner.Runner.runPickle(Runner.java:75)
	at io.cucumber.testng.TestNGCucumberRunner.lambda$runScenario$1(TestNGCucumberRunner.java:132)
	at io.cucumber.core.runtime.CucumberExecutionContext.lambda$runTestCase$5(CucumberExecutionContext.java:137)
	at io.cucumber.core.runtime.RethrowingThrowableCollector.executeAndThrow(RethrowingThrowableCollector.java:23)
	at io.cucumber.core.runtime.CucumberExecutionContext.runTestCase(CucumberExecutionContext.java:137)
	at io.cucumber.testng.TestNGCucumberRunner.runScenario(TestNGCucumberRunner.java:129)
	at io.cucumber.testng.AbstractTestNGCucumberTests.runScenario(AbstractTestNGCucumberTests.java:35)
	at java.base/jdk.internal.reflect.DirectMethodHandleAccessor.invoke(DirectMethodHandleAccessor.java:103)
	at java.base/java.lang.reflect.Method.invoke(Method.java:580)
	at org.testng.internal.invokers.MethodInvocationHelper.invokeMethod(MethodInvocationHelper.java:135)
	at org.testng.internal.invokers.TestInvoker.invokeMethod(TestInvoker.java:673)
	at org.testng.internal.invokers.TestInvoker.invokeTestMethod(TestInvoker.java:220)
	at org.testng.internal.invokers.MethodRunner.runInSequence(MethodRunner.java:50)
	at org.testng.internal.invokers.TestInvoker$MethodInvocationAgent.invoke(TestInvoker.java:945)
	at org.testng.internal.invokers.TestInvoker.invokeTestMethods(TestInvoker.java:193)
	at org.testng.internal.invokers.TestMethodWorker.invokeTestMethods(TestMethodWorker.java:146)
	at org.testng.internal.invokers.TestMethodWorker.run(TestMethodWorker.java:128)
	at java.base/java.util.ArrayList.forEach(ArrayList.java:1596)
	at org.testng.TestRunner.privateRun(TestRunner.java:808)
	at org.testng.TestRunner.run(TestRunner.java:603)
	at org.testng.SuiteRunner.runTest(SuiteRunner.java:429)
	at org.testng.SuiteRunner.runSequentially(SuiteRunner.java:423)
	at org.testng.SuiteRunner.privateRun(SuiteRunner.java:383)
	at org.testng.SuiteRunner.run(SuiteRunner.java:326)
	at org.testng.SuiteRunnerWorker.runSuite(SuiteRunnerWorker.java:52)
	at org.testng.SuiteRunnerWorker.run(SuiteRunnerWorker.java:95)
	at org.testng.TestNG.runSuitesSequentially(TestNG.java:1249)
	at org.testng.TestNG.runSuitesLocally(TestNG.java:1169)
	at org.testng.TestNG.runSuites(TestNG.java:1092)
	at org.testng.TestNG.run(TestNG.java:1060)
	at org.apache.maven.surefire.testng.TestNGExecutor.run(TestNGExecutor.java:155)
	at org.apache.maven.surefire.testng.TestNGDirectoryTestSuite.executeSingleClass(TestNGDirectoryTestSuite.java:102)
	at org.apache.maven.surefire.testng.TestNGDirectoryTestSuite.execute(TestNGDirectoryTestSuite.java:91)
	at org.apache.maven.surefire.testng.TestNGProvider.invoke(TestNGProvider.java:137)
	at org.apache.maven.surefire.booter.ForkedBooter.runSuitesInProcess(ForkedBooter.java:385)
	at org.apache.maven.surefire.booter.ForkedBooter.execute(ForkedBooter.java:162)
	at org.apache.maven.surefire.booter.ForkedBooter.run(ForkedBooter.java:507)
	at org.apache.maven.surefire.booter.ForkedBooter.main(ForkedBooter.java:495)
]]></failure>
    <system-out><![CDATA[16:45:47.896 [main] DEBUG org.testng.internal.Graph -- [Graph] ADDING NODE AbstractTestNGCucumberTests.setUpClass(org.testng.ITestContext)[pri:0, instance:null] -393284817
16:45:47.897 [main] DEBUG org.testng.internal.Graph -- [Graph] ================ SORTING
16:45:47.898 [main] DEBUG org.testng.internal.Graph -- [Graph] =============== DONE SORTING
16:45:47.898 [main] DEBUG org.testng.internal.Graph -- [Graph] ====== SORTED NODES
16:45:47.898 [main] DEBUG org.testng.internal.Graph -- [Graph] ====== END SORTED NODES
16:45:47.898 [main] DEBUG org.testng.internal.Graph -- [Graph] ADDING NODE AbstractTestNGCucumberTests.tearDownClass()[pri:0, instance:null] 1523153566
16:45:47.898 [main] DEBUG org.testng.internal.Graph -- [Graph] ================ SORTING
16:45:47.899 [main] DEBUG org.testng.internal.Graph -- [Graph] =============== DONE SORTING
16:45:47.899 [main] DEBUG org.testng.internal.Graph -- [Graph] ====== SORTED NODES
16:45:47.899 [main] DEBUG org.testng.internal.Graph -- [Graph] ====== END SORTED NODES
16:45:47.901 [main] DEBUG org.testng.internal.Graph -- [Graph] ADDING NODE AbstractTestNGCucumberTests.runScenario(io.cucumber.testng.PickleWrapper,io.cucumber.testng.FeatureWrapper)[pri:0, instance:testRunner.UblRunnerTest@6f1de4c7] 713870744
16:45:47.901 [main] DEBUG org.testng.internal.Graph -- [Graph] ================ SORTING
16:45:47.901 [main] DEBUG org.testng.internal.Graph -- [Graph] =============== DONE SORTING
16:45:47.901 [main] DEBUG org.testng.internal.Graph -- [Graph] ====== SORTED NODES
16:45:47.901 [main] DEBUG org.testng.internal.Graph -- [Graph] ====== END SORTED NODES

@UBL @Regression
Scenario: Complete DSA Portal to Jarvis Portal Handoff using Context Bridge                                                 &amp#27;[90m# features/ubl.feature:4&amp#27;[0m
&amp#27;[36m2026-05-06 16:45:53&amp#27;[m &amp#27;[32m[INFO ]&amp#27;[m - Starting new browser for scenario: Complete DSA Portal to Jarvis Portal Handoff using Context Bridge
&amp#27;[36m2026-05-06 16:45:57&amp#27;[m &amp#27;[32m[INFO ]&amp#27;[m - Browser, context and page initialized successfully for thread
&amp#27;[36m2026-05-06 16:45:57&amp#27;[m &amp#27;[32m[INFO ]&amp#27;[m - Switching to Jarvis portal and performing login...
&amp#27;[36m2026-05-06 16:45:57&amp#27;[m &amp#27;[32m[INFO ]&amp#27;[m - Loading credentials from: /Users/adarshgani/Documents/GitHub/branachAutomate/src/test/resources/properties/uatCredentials.properties
&amp#27;[36m2026-05-06 16:45:57&amp#27;[m &amp#27;[32m[INFO ]&amp#27;[m - Loaded credentials for jarvis: User=tenjin.user@creditsaison-in.com, Email=null, OTP=****
&amp#27;[36m2026-05-06 16:45:57&amp#27;[m &amp#27;[32m[INFO ]&amp#27;[m - Storage state saved to: /Users/adarshgani/Documents/GitHub/branachAutomate/target/storage-states/dsa-session-1.json
&amp#27;[36m2026-05-06 16:45:57&amp#27;[m &amp#27;[32m[INFO ]&amp#27;[m - New context created from storage state: /Users/adarshgani/Documents/GitHub/branachAutomate/target/storage-states/dsa-session-1.json
&amp#27;[36m2026-05-06 16:45:58&amp#27;[m &amp#27;[32m[INFO ]&amp#27;[m - Switched to Jarvis Portal at: https://jarvis.uat.creditsaison.corp
&amp#27;[36m2026-05-06 16:45:58&amp#27;[m &amp#27;[32m[INFO ]&amp#27;[m - Starting Jarvis Login process...
&amp#27;[36m2026-05-06 16:46:04&amp#27;[m &amp#27;[32m[INFO ]&amp#27;[m - Jarvis Login submitted.
&amp#27;[36m2026-05-06 16:46:14&amp#27;[m &amp#27;[32m[INFO ]&amp#27;[m - Successfully landed on Jarvis Dashboard
  &amp#27;[32mAnd &amp#27;[0m&amp#27;[32mUser switches to Jarvis portal and logins&amp#27;[0m                                                                             &amp#27;[90m# ui.stepDefinitions.jarvis.LoginSteps.switchToJarvisAndLogin()&amp#27;[0m
&amp#27;[36m2026-05-06 16:46:14&amp#27;[m &amp#27;[32m[INFO ]&amp#27;[m - Navigating to Application tab in Jarvis sidebar
&amp#27;[36m2026-05-06 16:46:14&amp#27;[m &amp#27;[32m[INFO ]&amp#27;[m - Application tab loaded
&amp#27;[36m2026-05-06 16:46:14&amp#27;[m &amp#27;[32m[INFO ]&amp#27;[m - Searching by [Partner LID] with value: dsa-e10212d9-4f7e-4af7-a85a-8afb102b0cde
&amp#27;[36m2026-05-06 16:46:16&amp#27;[m &amp#27;[32m[INFO ]&amp#27;[m - Selected [Partner LID] from search criteria dropdown
&amp#27;[36m2026-05-06 16:46:16&amp#27;[m &amp#27;[32m[INFO ]&amp#27;[m - Triggering search. Waiting for table to refresh...
&amp#27;[36m2026-05-06 16:46:18&amp#27;[m &amp#27;[32m[INFO ]&amp#27;[m - Search results loaded and table updated.
&amp#27;[36m2026-05-06 16:46:18&amp#27;[m &amp#27;[32m[INFO ]&amp#27;[m - Extracting App ID from the first row...
&amp#27;[36m2026-05-06 16:46:18&amp#27;[m &amp#27;[32m[INFO ]&amp#27;[m - Captured App ID from first row: ce02e88d-7554-41b7-ad40-e734de385b07
&amp#27;[36m2026-05-06 16:46:18&amp#27;[m &amp#27;[32m[INFO ]&amp#27;[m - Appform ID [ce02e88d-7554-41b7-ad40-e734de385b07]
&amp#27;[36m2026-05-06 16:46:18&amp#27;[m &amp#27;[32m[INFO ]&amp#27;[m - Clicking to open the first application in the list...
&amp#27;[36m2026-05-06 16:46:21&amp#27;[m &amp#27;[32m[INFO ]&amp#27;[m - Application form opened successfully.
  &amp#27;[32mAnd &amp#27;[0m&amp#27;[32mUser navigates to the Applications tab searches appFrom using &amp#27;[0m&amp#27;[32m&amp#27;[1m"Partner LID"&amp#27;[0m&amp#27;[32m and opens the appform&amp#27;[0m                     &amp#27;[90m# ui.stepDefinitions.jarvis.ApplicationSteps.openAppFromInJarvis(java.lang.String)&amp#27;[0m
&amp#27;[36m2026-05-06 16:46:21&amp#27;[m &amp#27;[32m[INFO ]&amp#27;[m - Navigating back to App Form tab...
&amp#27;[36m2026-05-06 16:46:21&amp#27;[m &amp#27;[32m[INFO ]&amp#27;[m - Successfully switched to the App Form tab.
&amp#27;[36m2026-05-06 16:46:21&amp#27;[m &amp#27;[32m[INFO ]&amp#27;[m - Opening Loan Requirements section...
&amp#27;[36m2026-05-06 16:46:30&amp#27;[m &amp#27;[32m[INFO ]&amp#27;[m - Clicking Edit on Loan Requirements modal...
&amp#27;[36m2026-05-06 16:46:31&amp#27;[m &amp#27;[32m[INFO ]&amp#27;[m - Filling Loan Requirements dynamically...
&amp#27;[36m2026-05-06 16:46:31&amp#27;[m &amp#27;[32m[INFO ]&amp#27;[m - Extracted ROI value to input: 19.50
&amp#27;[36m2026-05-06 16:46:41&amp#27;[m &amp#27;[32m[INFO ]&amp#27;[m - ROI Field Value After Evaluate: 19.50
&amp#27;[36m2026-05-06 16:46:41&amp#27;[m &amp#27;[32m[INFO ]&amp#27;[m - Extracted PF value to input: 2.00
&amp#27;[36m2026-05-06 16:46:42&amp#27;[m &amp#27;[32m[INFO ]&amp#27;[m - PF Field Value After Evaluate: 2.00
&amp#27;[36m2026-05-06 16:46:42&amp#27;[m &amp#27;[32m[INFO ]&amp#27;[m - Selecting CLM2 Eligible Banks...
&amp#27;[36m2026-05-06 16:46:43&amp#27;[m &amp#27;[32m[INFO ]&amp#27;[m - Attempting to select bank: IDBI
&amp#27;[36m2026-05-06 16:46:43&amp#27;[m &amp#27;[32m[INFO ]&amp#27;[m - Successfully selected bank: IDBI
&amp#27;[36m2026-05-06 16:46:44&amp#27;[m &amp#27;[32m[INFO ]&amp#27;[m - Attempting to select bank: DCB
&amp#27;[36m2026-05-06 16:46:44&amp#27;[m &amp#27;[32m[INFO ]&amp#27;[m - Successfully selected bank: DCB
&amp#27;[36m2026-05-06 16:46:44&amp#27;[m &amp#27;[32m[INFO ]&amp#27;[m - Attempting to select bank: CBI
&amp#27;[36m2026-05-06 16:46:44&amp#27;[m &amp#27;[32m[INFO ]&amp#27;[m - Successfully selected bank: CBI
&amp#27;[36m2026-05-06 16:46:46&amp#27;[m &amp#27;[32m[INFO ]&amp#27;[m - Clicking Submit floating button...
&amp#27;[36m2026-05-06 16:46:46&amp#27;[m &amp#27;[32m[INFO ]&amp#27;[m - Waiting for Success/Error toast to appear...
&amp#27;[36m2026-05-06 16:46:49&amp#27;[m &amp#27;[32m[INFO ]&amp#27;[m - Success popup verified! Message: 'Updated loan details'
&amp#27;[36m2026-05-06 16:46:50&amp#27;[m &amp#27;[32m[INFO ]&amp#27;[m - Clicking outside the form to close it and go back...
&amp#27;[36m2026-05-06 16:46:51&amp#27;[m &amp#27;[32m[INFO ]&amp#27;[m - Successfully returned to the main Application Details page.
  &amp#27;[32mAnd &amp#27;[0m&amp#27;[32mUser opens the Loan Requirements section and updates the details&amp#27;[0m                                                      &amp#27;[90m# ui.stepDefinitions.jarvis.ApplicationDetailsSteps.userOpensLoanRequirementsAndEdits()&amp#27;[0m
&amp#27;[36m2026-05-06 16:46:51&amp#27;[m &amp#27;[32m[INFO ]&amp#27;[m - Waiting for backend to assign application to: [Tenjin]...
&amp#27;[36m2026-05-06 16:46:51&amp#27;[m &amp#27;[32m[INFO ]&amp#27;[m - Application is now successfully assigned to: [Tenjin]
&amp#27;[36m2026-05-06 16:46:52&amp#27;[m &amp#27;[32m[INFO ]&amp#27;[m - Selecting Application Action: [Move to Credit Approval] with assignment to [tenjin.user@creditsaison-in.com]
  &amp#27;[31mAnd &amp#27;[0m&amp#27;[31mUser moves application to &amp#27;[0m&amp#27;[31m&amp#27;[1m"Move to Credit Approval"&amp#27;[0m&amp#27;[31m assigned to level &amp#27;[0m&amp#27;[31m&amp#27;[1m"L5"&amp#27;[0m&amp#27;[31m and user &amp#27;[0m&amp#27;[31m&amp#27;[1m"tenjin.user@creditsaison-in.com"&amp#27;[0m &amp#27;[90m# ui.stepDefinitions.jarvis.AppFormActionsSteps.moveApplicationWithAssignment(java.lang.String,java.lang.String,java.lang.String)&amp#27;[0m
      &amp#27;[31mcom.microsoft.playwright.TimeoutError: Error {
  message='Timeout 30000ms exceeded.
  name='TimeoutError
  stack='TimeoutError: Timeout 30000ms exceeded.
    at ProgressController.run (/private/var/folders/ys/g6nbn1894354jyyrj64fwty80000gp/T/playwright-java-18268008623382128165/package/lib/server/progress.js:78:26)
    at Frame.waitForSelector (/private/var/folders/ys/g6nbn1894354jyyrj64fwty80000gp/T/playwright-java-18268008623382128165/package/lib/server/frames.js:624:23)
    at FrameDispatcher.waitForSelector (/private/var/folders/ys/g6nbn1894354jyyrj64fwty80000gp/T/playwright-java-18268008623382128165/package/lib/server/dispatchers/frameDispatcher.js:105:103)
    at FrameDispatcher._handleCommand (/private/var/folders/ys/g6nbn1894354jyyrj64fwty80000gp/T/playwright-java-18268008623382128165/package/lib/server/dispatchers/dispatcher.js:94:40)
    at DispatcherConnection.dispatch (/private/var/folders/ys/g6nbn1894354jyyrj64fwty80000gp/T/playwright-java-18268008623382128165/package/lib/server/dispatchers/dispatcher.js:361:39)
}
Call log:
- waiting for locator("li.el-select-dropdown__item:visible").filter(new Locator.FilterOptions().setHasText("Move to Credit Approval")).first() to be visible

	at com.microsoft.playwright.impl.WaitableResult.get(WaitableResult.java:52)
	at com.microsoft.playwright.impl.ChannelOwner.runUntil(ChannelOwner.java:120)
	at com.microsoft.playwright.impl.Connection.sendMessage(Connection.java:130)
	at com.microsoft.playwright.impl.ChannelOwner.sendMessage(ChannelOwner.java:106)
	at com.microsoft.playwright.impl.FrameImpl.waitForSelectorImpl(FrameImpl.java:1060)
	at com.microsoft.playwright.impl.LocatorImpl.lambda$waitForImpl$7(LocatorImpl.java:619)
	at com.microsoft.playwright.impl.LoggingSupport.withLogging(LoggingSupport.java:47)
	at com.microsoft.playwright.impl.ChannelOwner.withLogging(ChannelOwner.java:89)
	at com.microsoft.playwright.impl.LocatorImpl.waitForImpl(LocatorImpl.java:619)
	at com.microsoft.playwright.impl.LocatorImpl.waitFor(LocatorImpl.java:615)
	at ui.pages.jarvis.AppFormPage.ApplicationPage.selectActionWithAssignment(ApplicationPage.java:83)
	at ui.stepDefinitions.jarvis.AppFormActionsSteps.moveApplicationWithAssignment(AppFormActionsSteps.java:22)
	at ✽.User moves application to "Move to Credit Approval" assigned to level "L5" and user "tenjin.user@creditsaison-in.com"(file:///Users/adarshgani/Documents/GitHub/branachAutomate/features/ubl.feature:107)
Caused by: com.microsoft.playwright.TimeoutError: Error {
  message='Timeout 30000ms exceeded.
  name='TimeoutError
  stack='TimeoutError: Timeout 30000ms exceeded.
    at ProgressController.run (/private/var/folders/ys/g6nbn1894354jyyrj64fwty80000gp/T/playwright-java-18268008623382128165/package/lib/server/progress.js:78:26)
    at Frame.waitForSelector (/private/var/folders/ys/g6nbn1894354jyyrj64fwty80000gp/T/playwright-java-18268008623382128165/package/lib/server/frames.js:624:23)
    at FrameDispatcher.waitForSelector (/private/var/folders/ys/g6nbn1894354jyyrj64fwty80000gp/T/playwright-java-18268008623382128165/package/lib/server/dispatchers/frameDispatcher.js:105:103)
    at FrameDispatcher._handleCommand (/private/var/folders/ys/g6nbn1894354jyyrj64fwty80000gp/T/playwright-java-18268008623382128165/package/lib/server/dispatchers/dispatcher.js:94:40)
    at DispatcherConnection.dispatch (/private/var/folders/ys/g6nbn1894354jyyrj64fwty80000gp/T/playwright-java-18268008623382128165/package/lib/server/dispatchers/dispatcher.js:361:39)
}
Call log:
- waiting for locator("li.el-select-dropdown__item:visible").filter(new Locator.FilterOptions().setHasText("Move to Credit Approval")).first() to be visible

	at com.microsoft.playwright.impl.Connection.dispatch(Connection.java:254)
	at com.microsoft.playwright.impl.Connection.processOneMessage(Connection.java:211)
	at com.microsoft.playwright.impl.ChannelOwner.runUntil(ChannelOwner.java:118)
	at com.microsoft.playwright.impl.Connection.sendMessage(Connection.java:130)
	at com.microsoft.playwright.impl.ChannelOwner.sendMessage(ChannelOwner.java:106)
	at com.microsoft.playwright.impl.FrameImpl.waitForSelectorImpl(FrameImpl.java:1060)
	at com.microsoft.playwright.impl.LocatorImpl.lambda$waitForImpl$7(LocatorImpl.java:619)
	at com.microsoft.playwright.impl.LoggingSupport.withLogging(LoggingSupport.java:47)
	at com.microsoft.playwright.impl.ChannelOwner.withLogging(ChannelOwner.java:89)
	at com.microsoft.playwright.impl.LocatorImpl.waitForImpl(LocatorImpl.java:619)
	at com.microsoft.playwright.impl.LocatorImpl.waitFor(LocatorImpl.java:615)
	at ui.pages.jarvis.AppFormPage.ApplicationPage.selectActionWithAssignment(ApplicationPage.java:83)
	at ui.stepDefinitions.jarvis.AppFormActionsSteps.moveApplicationWithAssignment(AppFormActionsSteps.java:22)
	at java.base/jdk.internal.reflect.DirectMethodHandleAccessor.invoke(DirectMethodHandleAccessor.java:103)
	at java.base/java.lang.reflect.Method.invoke(Method.java:580)
	at io.cucumber.java.Invoker.doInvoke(Invoker.java:66)
	at io.cucumber.java.Invoker.invoke(Invoker.java:24)
	at io.cucumber.java.AbstractGlueDefinition.invokeMethod(AbstractGlueDefinition.java:47)
	at io.cucumber.java.JavaStepDefinition.execute(JavaStepDefinition.java:29)
	at io.cucumber.core.runner.CoreStepDefinition.execute(CoreStepDefinition.java:66)
	at io.cucumber.core.runner.PickleStepDefinitionMatch.runStep(PickleStepDefinitionMatch.java:63)
	at io.cucumber.core.runner.ExecutionMode$1.execute(ExecutionMode.java:10)
	at io.cucumber.core.runner.TestStep.executeStep(TestStep.java:84)
	at io.cucumber.core.runner.TestStep.run(TestStep.java:56)
	at io.cucumber.core.runner.PickleStepTestStep.run(PickleStepTestStep.java:51)
	at io.cucumber.core.runner.TestCase.run(TestCase.java:84)
	at io.cucumber.core.runner.Runner.runPickle(Runner.java:75)
	at io.cucumber.testng.TestNGCucumberRunner.lambda$runScenario$1(TestNGCucumberRunner.java:132)
	at io.cucumber.core.runtime.CucumberExecutionContext.lambda$runTestCase$5(CucumberExecutionContext.java:137)
	at io.cucumber.core.runtime.RethrowingThrowableCollector.executeAndThrow(RethrowingThrowableCollector.java:23)
	at io.cucumber.core.runtime.CucumberExecutionContext.runTestCase(CucumberExecutionContext.java:137)
	at io.cucumber.testng.TestNGCucumberRunner.runScenario(TestNGCucumberRunner.java:129)
	at io.cucumber.testng.AbstractTestNGCucumberTests.runScenario(AbstractTestNGCucumberTests.java:35)
	at java.base/jdk.internal.reflect.DirectMethodHandleAccessor.invoke(DirectMethodHandleAccessor.java:103)
	at java.base/java.lang.reflect.Method.invoke(Method.java:580)
	at org.testng.internal.invokers.MethodInvocationHelper.invokeMethod(MethodInvocationHelper.java:135)
	at org.testng.internal.invokers.TestInvoker.invokeMethod(TestInvoker.java:673)
	at org.testng.internal.invokers.TestInvoker.invokeTestMethod(TestInvoker.java:220)
	at org.testng.internal.invokers.MethodRunner.runInSequence(MethodRunner.java:50)
	at org.testng.internal.invokers.TestInvoker$MethodInvocationAgent.invoke(TestInvoker.java:945)
	at org.testng.internal.invokers.TestInvoker.invokeTestMethods(TestInvoker.java:193)
	at org.testng.internal.invokers.TestMethodWorker.invokeTestMethods(TestMethodWorker.java:146)
	at org.testng.internal.invokers.TestMethodWorker.run(TestMethodWorker.java:128)
	at java.base/java.util.ArrayList.forEach(ArrayList.java:1596)
	at org.testng.TestRunner.privateRun(TestRunner.java:808)
	at org.testng.TestRunner.run(TestRunner.java:603)
	at org.testng.SuiteRunner.runTest(SuiteRunner.java:429)
	at org.testng.SuiteRunner.runSequentially(SuiteRunner.java:423)
	at org.testng.SuiteRunner.privateRun(SuiteRunner.java:383)
	at org.testng.SuiteRunner.run(SuiteRunner.java:326)
	at org.testng.SuiteRunnerWorker.runSuite(SuiteRunnerWorker.java:52)
	at org.testng.SuiteRunnerWorker.run(SuiteRunnerWorker.java:95)
	at org.testng.TestNG.runSuitesSequentially(TestNG.java:1249)
	at org.testng.TestNG.runSuitesLocally(TestNG.java:1169)
	at org.testng.TestNG.runSuites(TestNG.java:1092)
	at org.testng.TestNG.run(TestNG.java:1060)
	at org.apache.maven.surefire.testng.TestNGExecutor.run(TestNGExecutor.java:155)
	at org.apache.maven.surefire.testng.TestNGDirectoryTestSuite.executeSingleClass(TestNGDirectoryTestSuite.java:102)
	at org.apache.maven.surefire.testng.TestNGDirectoryTestSuite.execute(TestNGDirectoryTestSuite.java:91)
	at org.apache.maven.surefire.testng.TestNGProvider.invoke(TestNGProvider.java:137)
	at org.apache.maven.surefire.booter.ForkedBooter.runSuitesInProcess(ForkedBooter.java:385)
	at org.apache.maven.surefire.booter.ForkedBooter.execute(ForkedBooter.java:162)
	at org.apache.maven.surefire.booter.ForkedBooter.run(ForkedBooter.java:507)
	at org.apache.maven.surefire.booter.ForkedBooter.main(ForkedBooter.java:495)
&amp#27;[0m
  &amp#27;[36mAnd &amp#27;[0m&amp#27;[36mUser navigates to the RegCheck tab in Application Dashboard&amp#27;[0m                                                           &amp#27;[90m# ui.stepDefinitions.jarvis.AppFormDashboardSteps.navigateToRegCheckTab()&amp#27;[0m
  &amp#27;[36mAnd &amp#27;[0m&amp#27;[36mUser updates the Appform Ownership Details with the following data:&amp#27;[0m                                                   &amp#27;[90m# ui.stepDefinitions.jarvis.ApplicationDetailsSteps.updateAppFormOwnershipDetails(java.util.Map<java.lang.String, java.lang.String>)&amp#27;[0m
    | UserEmail | harshit.verma@partner.creditsaison-in.com |
  &amp#27;[36mAnd &amp#27;[0m&amp#27;[36mUser opens the Loan Requirements section and initiates Credit Approval with reason &amp#27;[0m&amp#27;[36m&amp#27;[1m"Approve"&amp#27;[0m                          &amp#27;[90m# ui.stepDefinitions.jarvis.ApplicationDetailsSteps.userInitiatesCreditApproval(java.lang.String)&amp#27;[0m
  &amp#27;[36mAnd &amp#27;[0m&amp#27;[36mUser moves appForm to &amp#27;[0m&amp#27;[36m&amp#27;[1m"TERMS"&amp#27;[0m&amp#27;[36m stage&amp#27;[0m                                                                                   &amp#27;[90m# backend.stepDefinitions.ApiStepDefinitions.userMovesAppFormToStage(java.lang.String)&amp#27;[0m
  &amp#27;[36mAnd &amp#27;[0m&amp#27;[36mUser opens E-Sign section, generates documents, and opts for offline signatures&amp#27;[0m                                       &amp#27;[90m# ui.stepDefinitions.jarvis.ApplicationDetailsSteps.processESignOffline()&amp#27;[0m
  &amp#27;[36mAnd &amp#27;[0m&amp#27;[36mUser opens Insurance Details and updates Insurance and Nominee Details with the following data&amp#27;[0m                        &amp#27;[90m# ui.stepDefinitions.jarvis.ApplicationDetailsSteps.openInsuranceDetails(java.util.Map<java.lang.String, java.lang.String>)&amp#27;[0m
    | Provider     | Acko Group Health Insurance     |
    | Tenure       | 10 Months                       |
    | NomineeName  | Adarsh Gani                     |
    | Relationship | brother                         |
    | DOB          | 1996-08-24                      |
    | Gender       | Male                            |
    | Mobile       | 7848043529                      |
    | Email        | adarsh.gani@creditsaison-in.com |
    | EMI Amount   | 15000                           |
    | EMI Date     | 5th                             |
  &amp#27;[36mAnd &amp#27;[0m&amp#27;[36mUser selects &amp#27;[0m&amp#27;[36m&amp#27;[1m"Move to Sanction Approval"&amp#27;[0m&amp#27;[36m from Application Actions and moves appForm next stage&amp#27;[0m                        &amp#27;[90m# ui.stepDefinitions.jarvis.AppFormActionsSteps.userSelectsApplicationAction(java.lang.String)&amp#27;[0m
&amp#27;[36m2026-05-06 16:47:22&amp#27;[m &amp#27;[32m[INFO ]&amp#27;[m - Tearing down browser for scenario: Complete DSA Portal to Jarvis Portal Handoff using Context Bridge
&amp#27;[36m2026-05-06 16:47:22&amp#27;[m &amp#27;[32m[INFO ]&amp#27;[m - Playwright resources cleaned up for thread
&amp#27;[36m2026-05-06 16:47:22&amp#27;[m &amp#27;[32m[INFO ]&amp#27;[m - Storage state files cleaned up.
]]></system-out>
  </testcase>
</testsuite>